2023-08-04 18:41:11 [INFO]: Обработка файла: ТОП_слов_Калининградская_область.xlsx
2023-08-04 18:41:36 [ERROR]: Ошибка: Возникла непредвиденная ошибка: We need at least 1 word to plot a word cloud, got 0.
2023-08-04 18:41:36 [ERROR]: Ошибка: Возникла непредвиденная ошибка при перемещении файла: Destination path '/Users/artem/PycharmProjects/word_map_ru/used_files_xlsx/ТОП_слов_Калининградская_область.xlsx' already exists
2023-08-04 18:41:36 [INFO]: Обработка файла: ТОП-слов-Кировская-область.xlsx
2023-08-04 18:42:03 [ERROR]: Ошибка: Возникла непредвиденная ошибка: We need at least 1 word to plot a word cloud, got 0.
2023-08-04 18:42:03 [ERROR]: Ошибка: Возникла непредвиденная ошибка при перемещении файла: Destination path '/Users/artem/PycharmProjects/word_map_ru/used_files_xlsx/ТОП-слов-Кировская-область.xlsx' already exists
2023-08-04 18:42:03 [INFO]: Обработка файла: ТОП-слов-Калмыкия.xlsx
2023-08-04 18:42:22 [ERROR]: Ошибка: Возникла непредвиденная ошибка: We need at least 1 word to plot a word cloud, got 0.
2023-08-04 18:42:22 [ERROR]: Ошибка: Возникла непредвиденная ошибка при перемещении файла: Destination path '/Users/artem/PycharmProjects/word_map_ru/used_files_xlsx/ТОП-слов-Калмыкия.xlsx' already exists
2023-08-04 18:46:23 [INFO]: Обработка файла: ТОП_слов_Калининградская_область.xlsx
2023-08-04 18:46:47 [ERROR]: Ошибка: Возникла непредвиденная ошибка: We need at least 1 word to plot a word cloud, got 0.
2023-08-04 18:46:47 [ERROR]: Ошибка: Возникла непредвиденная ошибка при перемещении файла: Destination path '/Users/artem/PycharmProjects/word_map_ru/used_files_xlsx/ТОП_слов_Калининградская_область.xlsx' already exists
2023-08-04 18:46:47 [INFO]: Обработка файла: ТОП-слов-Кировская-область.xlsx
2023-08-04 18:47:14 [ERROR]: Ошибка: Возникла непредвиденная ошибка: We need at least 1 word to plot a word cloud, got 0.
2023-08-04 18:47:14 [ERROR]: Ошибка: Возникла непредвиденная ошибка при перемещении файла: Destination path '/Users/artem/PycharmProjects/word_map_ru/used_files_xlsx/ТОП-слов-Кировская-область.xlsx' already exists
2023-08-04 18:47:14 [INFO]: Обработка файла: ТОП-слов-Калмыкия.xlsx
2023-08-04 18:47:30 [ERROR]: Ошибка: Возникла непредвиденная ошибка: We need at least 1 word to plot a word cloud, got 0.
2023-08-04 18:47:30 [ERROR]: Ошибка: Возникла непредвиденная ошибка при перемещении файла: Destination path '/Users/artem/PycharmProjects/word_map_ru/used_files_xlsx/ТОП-слов-Калмыкия.xlsx' already exists
2023-08-04 18:48:25 [INFO]: Обработка файла: ТОП_слов_Калининградская_область.xlsx
2023-08-04 18:48:47 [INFO]: Результаты сохранены в файлы: /Users/artem/PycharmProjects/word_map_ru/files_csv/2023-08-04/ТОП_слов_Калининградская_область/ТОП_слов_Калининградская_область_verbs_result.csv, /Users/artem/PycharmProjects/word_map_ru/files_csv/2023-08-04/ТОП_слов_Калининградская_область/ТОП_слов_Калининградская_область_adjectives_result.csv, /Users/artem/PycharmProjects/word_map_ru/files_csv/2023-08-04/ТОП_слов_Калининградская_область/ТОП_слов_Калининградская_область_nouns_result.csv
2023-08-04 18:48:47 [ERROR]: Ошибка: Возникла непредвиденная ошибка при перемещении файла: Destination path '/Users/artem/PycharmProjects/word_map_ru/used_files_xlsx/ТОП_слов_Калининградская_область.xlsx' already exists
2023-08-04 18:48:47 [INFO]: Обработка файла: ТОП-слов-Кировская-область.xlsx
2023-08-04 18:49:11 [INFO]: Результаты сохранены в файлы: /Users/artem/PycharmProjects/word_map_ru/files_csv/2023-08-04/ТОП-слов-Кировская-область/ТОП-слов-Кировская-область_verbs_result.csv, /Users/artem/PycharmProjects/word_map_ru/files_csv/2023-08-04/ТОП-слов-Кировская-область/ТОП-слов-Кировская-область_adjectives_result.csv, /Users/artem/PycharmProjects/word_map_ru/files_csv/2023-08-04/ТОП-слов-Кировская-область/ТОП-слов-Кировская-область_nouns_result.csv
2023-08-04 18:49:11 [ERROR]: Ошибка: Возникла непредвиденная ошибка при перемещении файла: Destination path '/Users/artem/PycharmProjects/word_map_ru/used_files_xlsx/ТОП-слов-Кировская-область.xlsx' already exists
2023-08-04 18:49:11 [INFO]: Обработка файла: ТОП-слов-Калмыкия.xlsx
2023-08-04 18:49:27 [INFO]: Результаты сохранены в файлы: /Users/artem/PycharmProjects/word_map_ru/files_csv/2023-08-04/ТОП-слов-Калмыкия/ТОП-слов-Калмыкия_verbs_result.csv, /Users/artem/PycharmProjects/word_map_ru/files_csv/2023-08-04/ТОП-слов-Калмыкия/ТОП-слов-Калмыкия_adjectives_result.csv, /Users/artem/PycharmProjects/word_map_ru/files_csv/2023-08-04/ТОП-слов-Калмыкия/ТОП-слов-Калмыкия_nouns_result.csv
2023-08-04 18:49:27 [ERROR]: Ошибка: Возникла непредвиденная ошибка при перемещении файла: Destination path '/Users/artem/PycharmProjects/word_map_ru/used_files_xlsx/ТОП-слов-Калмыкия.xlsx' already exists
2023-08-04 18:50:41 [INFO]: Обработка файла: ТОП_слов_Калининградская_область.xlsx
2023-08-04 18:51:03 [INFO]: Результаты сохранены в файлы: /Users/artem/PycharmProjects/word_map_ru/files_csv/2023-08-04/ТОП_слов_Калининградская_область/ТОП_слов_Калининградская_область_verbs_result.csv, /Users/artem/PycharmProjects/word_map_ru/files_csv/2023-08-04/ТОП_слов_Калининградская_область/ТОП_слов_Калининградская_область_adjectives_result.csv, /Users/artem/PycharmProjects/word_map_ru/files_csv/2023-08-04/ТОП_слов_Калининградская_область/ТОП_слов_Калининградская_область_nouns_result.csv
2023-08-04 18:51:03 [INFO]: Обработка файла: ТОП-слов-Кировская-область.xlsx
2023-08-04 18:51:28 [INFO]: Результаты сохранены в файлы: /Users/artem/PycharmProjects/word_map_ru/files_csv/2023-08-04/ТОП-слов-Кировская-область/ТОП-слов-Кировская-область_verbs_result.csv, /Users/artem/PycharmProjects/word_map_ru/files_csv/2023-08-04/ТОП-слов-Кировская-область/ТОП-слов-Кировская-область_adjectives_result.csv, /Users/artem/PycharmProjects/word_map_ru/files_csv/2023-08-04/ТОП-слов-Кировская-область/ТОП-слов-Кировская-область_nouns_result.csv
2023-08-04 18:51:28 [INFO]: Обработка файла: ТОП-слов-Калмыкия.xlsx
2023-08-04 18:51:44 [INFO]: Результаты сохранены в файлы: /Users/artem/PycharmProjects/word_map_ru/files_csv/2023-08-04/ТОП-слов-Калмыкия/ТОП-слов-Калмыкия_verbs_result.csv, /Users/artem/PycharmProjects/word_map_ru/files_csv/2023-08-04/ТОП-слов-Калмыкия/ТОП-слов-Калмыкия_adjectives_result.csv, /Users/artem/PycharmProjects/word_map_ru/files_csv/2023-08-04/ТОП-слов-Калмыкия/ТОП-слов-Калмыкия_nouns_result.csv
2023-08-04 18:57:36 [INFO]: Обработка файла: ТОП_слов_Калининградская_область.xlsx
2023-08-04 18:57:58 [INFO]: Результаты сохранены в файлы: /Users/artem/PycharmProjects/word_map_ru/files_csv/2023-08-04/ТОП_слов_Калининградская_область/ТОП_слов_Калининградская_область_verbs_result.csv, /Users/artem/PycharmProjects/word_map_ru/files_csv/2023-08-04/ТОП_слов_Калининградская_область/ТОП_слов_Калининградская_область_adjectives_result.csv, /Users/artem/PycharmProjects/word_map_ru/files_csv/2023-08-04/ТОП_слов_Калининградская_область/ТОП_слов_Калининградская_область_nouns_result.csv
2023-08-04 18:57:58 [INFO]: Файл 'ТОП_слов_Калининградская_область.xlsx' успешно перемещен в папку '/Users/artem/PycharmProjects/word_map_ru/used_files_xlsx' с новым именем 'ТОП_слов_Калининградская_область_1.xlsx'.
2023-08-04 18:57:58 [INFO]: Обработка файла: ТОП-слов-Кировская-область.xlsx
2023-08-04 18:58:22 [INFO]: Результаты сохранены в файлы: /Users/artem/PycharmProjects/word_map_ru/files_csv/2023-08-04/ТОП-слов-Кировская-область/ТОП-слов-Кировская-область_verbs_result.csv, /Users/artem/PycharmProjects/word_map_ru/files_csv/2023-08-04/ТОП-слов-Кировская-область/ТОП-слов-Кировская-область_adjectives_result.csv, /Users/artem/PycharmProjects/word_map_ru/files_csv/2023-08-04/ТОП-слов-Кировская-область/ТОП-слов-Кировская-область_nouns_result.csv
2023-08-04 18:58:22 [INFO]: Файл 'ТОП-слов-Кировская-область.xlsx' успешно перемещен в папку '/Users/artem/PycharmProjects/word_map_ru/used_files_xlsx' с новым именем 'ТОП-слов-Кировская-область_1.xlsx'.
2023-08-04 18:58:22 [INFO]: Обработка файла: ТОП-слов-Калмыкия.xlsx
2023-08-04 18:58:38 [INFO]: Результаты сохранены в файлы: /Users/artem/PycharmProjects/word_map_ru/files_csv/2023-08-04/ТОП-слов-Калмыкия/ТОП-слов-Калмыкия_verbs_result.csv, /Users/artem/PycharmProjects/word_map_ru/files_csv/2023-08-04/ТОП-слов-Калмыкия/ТОП-слов-Калмыкия_adjectives_result.csv, /Users/artem/PycharmProjects/word_map_ru/files_csv/2023-08-04/ТОП-слов-Калмыкия/ТОП-слов-Калмыкия_nouns_result.csv
2023-08-04 18:58:38 [INFO]: Файл 'ТОП-слов-Калмыкия.xlsx' успешно перемещен в папку '/Users/artem/PycharmProjects/word_map_ru/used_files_xlsx' с новым именем 'ТОП-слов-Калмыкия_1.xlsx'.
2023-08-04 19:04:13 [INFO]: Обработка файла: ТОП_слов_Калининградская_область.xlsx
2023-08-04 19:04:36 [INFO]: Результаты сохранены в файлы: /Users/artem/PycharmProjects/word_map_ru/files_csv/2023-08-04/ТОП_слов_Калининградская_область/ТОП_слов_Калининградская_область_verbs_result.csv, /Users/artem/PycharmProjects/word_map_ru/files_csv/2023-08-04/ТОП_слов_Калининградская_область/ТОП_слов_Калининградская_область_adjectives_result.csv, /Users/artem/PycharmProjects/word_map_ru/files_csv/2023-08-04/ТОП_слов_Калининградская_область/ТОП_слов_Калининградская_область_nouns_result.csv
2023-08-04 19:04:36 [INFO]: Файл 'ТОП_слов_Калининградская_область.xlsx' успешно перемещен в папку '/Users/artem/PycharmProjects/word_map_ru/used_files_xlsx' с новым именем 'ТОП_слов_Калининградская_область_20230804190436.xlsx'.
2023-08-04 19:04:36 [INFO]: Обработка файла: ТОП-слов-Кировская-область.xlsx
2023-08-04 19:05:01 [INFO]: Результаты сохранены в файлы: /Users/artem/PycharmProjects/word_map_ru/files_csv/2023-08-04/ТОП-слов-Кировская-область/ТОП-слов-Кировская-область_verbs_result.csv, /Users/artem/PycharmProjects/word_map_ru/files_csv/2023-08-04/ТОП-слов-Кировская-область/ТОП-слов-Кировская-область_adjectives_result.csv, /Users/artem/PycharmProjects/word_map_ru/files_csv/2023-08-04/ТОП-слов-Кировская-область/ТОП-слов-Кировская-область_nouns_result.csv
2023-08-04 19:05:01 [INFO]: Файл 'ТОП-слов-Кировская-область.xlsx' успешно перемещен в папку '/Users/artem/PycharmProjects/word_map_ru/used_files_xlsx' с новым именем 'ТОП-слов-Кировская-область_20230804190501.xlsx'.
2023-08-04 19:05:01 [INFO]: Обработка файла: ТОП-слов-Калмыкия.xlsx
2023-08-04 19:05:18 [INFO]: Результаты сохранены в файлы: /Users/artem/PycharmProjects/word_map_ru/files_csv/2023-08-04/ТОП-слов-Калмыкия/ТОП-слов-Калмыкия_verbs_result.csv, /Users/artem/PycharmProjects/word_map_ru/files_csv/2023-08-04/ТОП-слов-Калмыкия/ТОП-слов-Калмыкия_adjectives_result.csv, /Users/artem/PycharmProjects/word_map_ru/files_csv/2023-08-04/ТОП-слов-Калмыкия/ТОП-слов-Калмыкия_nouns_result.csv
2023-08-04 19:05:18 [INFO]: Файл 'ТОП-слов-Калмыкия.xlsx' успешно перемещен в папку '/Users/artem/PycharmProjects/word_map_ru/used_files_xlsx' с новым именем 'ТОП-слов-Калмыкия_20230804190518.xlsx'.
2023-08-04 19:27:52 [INFO]: Обработка файла: ТОП_слов_Калининградская_область.xlsx
2023-08-04 19:28:16 [INFO]: Результаты сохранены в файлы: /Users/artem/PycharmProjects/word_map_ru/files_csv/2023-08-04/ТОП_слов_Калининградская_область/ТОП_слов_Калининградская_область_verbs_result.csv, /Users/artem/PycharmProjects/word_map_ru/files_csv/2023-08-04/ТОП_слов_Калининградская_область/ТОП_слов_Калининградская_область_adjectives_result.csv, /Users/artem/PycharmProjects/word_map_ru/files_csv/2023-08-04/ТОП_слов_Калининградская_область/ТОП_слов_Калининградская_область_nouns_result.csv
2023-08-04 19:28:17 [INFO]: Облако слов сохранено в файл: /Users/artem/PycharmProjects/word_map_ru/files_csv/2023-08-04/ТОП_слов_Калининградская_область/ТОП_слов_Калининградская_область_verbs_wordcloud.png
2023-08-04 19:28:17 [ERROR]: Ошибка: Возникла непредвиденная ошибка: We need at least 1 word to plot a word cloud, got 0.
2023-08-04 19:28:17 [INFO]: Файл 'ТОП_слов_Калининградская_область.xlsx' успешно перемещен в папку '/Users/artem/PycharmProjects/word_map_ru/used_files_xlsx' с новым именем 'ТОП_слов_Калининградская_область_2023-08-04_19:28:17.xlsx'.
2023-08-04 19:28:17 [INFO]: Обработка файла: ТОП-слов-Кировская-область.xlsx
2023-08-04 19:28:45 [INFO]: Результаты сохранены в файлы: /Users/artem/PycharmProjects/word_map_ru/files_csv/2023-08-04/ТОП-слов-Кировская-область/ТОП-слов-Кировская-область_verbs_result.csv, /Users/artem/PycharmProjects/word_map_ru/files_csv/2023-08-04/ТОП-слов-Кировская-область/ТОП-слов-Кировская-область_adjectives_result.csv, /Users/artem/PycharmProjects/word_map_ru/files_csv/2023-08-04/ТОП-слов-Кировская-область/ТОП-слов-Кировская-область_nouns_result.csv
2023-08-04 19:28:45 [ERROR]: Ошибка: Возникла непредвиденная ошибка: We need at least 1 word to plot a word cloud, got 0.
2023-08-04 19:28:45 [INFO]: Файл 'ТОП-слов-Кировская-область.xlsx' успешно перемещен в папку '/Users/artem/PycharmProjects/word_map_ru/used_files_xlsx' с новым именем 'ТОП-слов-Кировская-область_2023-08-04_19:28:45.xlsx'.
2023-08-04 19:28:45 [INFO]: Обработка файла: ТОП-слов-Калмыкия.xlsx
2023-08-04 19:29:03 [INFO]: Результаты сохранены в файлы: /Users/artem/PycharmProjects/word_map_ru/files_csv/2023-08-04/ТОП-слов-Калмыкия/ТОП-слов-Калмыкия_verbs_result.csv, /Users/artem/PycharmProjects/word_map_ru/files_csv/2023-08-04/ТОП-слов-Калмыкия/ТОП-слов-Калмыкия_adjectives_result.csv, /Users/artem/PycharmProjects/word_map_ru/files_csv/2023-08-04/ТОП-слов-Калмыкия/ТОП-слов-Калмыкия_nouns_result.csv
2023-08-04 19:29:03 [ERROR]: Ошибка: Возникла непредвиденная ошибка: We need at least 1 word to plot a word cloud, got 0.
2023-08-04 19:29:03 [INFO]: Файл 'ТОП-слов-Калмыкия.xlsx' успешно перемещен в папку '/Users/artem/PycharmProjects/word_map_ru/used_files_xlsx' с новым именем 'ТОП-слов-Калмыкия_2023-08-04_19:29:03.xlsx'.
2023-08-04 19:33:59 [INFO]: Обработка файла: ТОП_слов_Калининградская_область.xlsx
2023-08-04 19:34:21 [INFO]: Результаты сохранены в файлы: /Users/artem/PycharmProjects/word_map_ru/files_csv/2023-08-04/ТОП_слов_Калининградская_область/ТОП_слов_Калининградская_область_verbs_result.csv, /Users/artem/PycharmProjects/word_map_ru/files_csv/2023-08-04/ТОП_слов_Калининградская_область/ТОП_слов_Калининградская_область_adjectives_result.csv, /Users/artem/PycharmProjects/word_map_ru/files_csv/2023-08-04/ТОП_слов_Калининградская_область/ТОП_слов_Калининградская_область_nouns_result.csv
2023-08-04 19:34:22 [INFO]: Облако слов сохранено в изображение: /Users/artem/PycharmProjects/word_map_ru/files_csv/2023-08-04/ТОП_слов_Калининградская_область/ТОП_слов_Калининградская_область_verbs_wordcloud.png
2023-08-04 19:34:22 [ERROR]: Ошибка: Возникла непредвиденная ошибка: We need at least 1 word to plot a word cloud, got 0.
2023-08-04 19:34:22 [INFO]: Файл 'ТОП_слов_Калининградская_область.xlsx' успешно перемещен в папку '/Users/artem/PycharmProjects/word_map_ru/used_files_xlsx' с новым именем 'ТОП_слов_Калининградская_область_2023-08-04_19:34:22.xlsx'.
2023-08-04 19:34:22 [INFO]: Обработка файла: ТОП-слов-Кировская-область.xlsx
2023-08-04 19:34:49 [INFO]: Результаты сохранены в файлы: /Users/artem/PycharmProjects/word_map_ru/files_csv/2023-08-04/ТОП-слов-Кировская-область/ТОП-слов-Кировская-область_verbs_result.csv, /Users/artem/PycharmProjects/word_map_ru/files_csv/2023-08-04/ТОП-слов-Кировская-область/ТОП-слов-Кировская-область_adjectives_result.csv, /Users/artem/PycharmProjects/word_map_ru/files_csv/2023-08-04/ТОП-слов-Кировская-область/ТОП-слов-Кировская-область_nouns_result.csv
2023-08-04 19:34:49 [ERROR]: Ошибка: Возникла непредвиденная ошибка: We need at least 1 word to plot a word cloud, got 0.
2023-08-04 19:34:49 [INFO]: Файл 'ТОП-слов-Кировская-область.xlsx' успешно перемещен в папку '/Users/artem/PycharmProjects/word_map_ru/used_files_xlsx' с новым именем 'ТОП-слов-Кировская-область_2023-08-04_19:34:49.xlsx'.
2023-08-04 19:34:49 [INFO]: Обработка файла: ТОП-слов-Калмыкия.xlsx
2023-08-04 19:35:08 [INFO]: Результаты сохранены в файлы: /Users/artem/PycharmProjects/word_map_ru/files_csv/2023-08-04/ТОП-слов-Калмыкия/ТОП-слов-Калмыкия_verbs_result.csv, /Users/artem/PycharmProjects/word_map_ru/files_csv/2023-08-04/ТОП-слов-Калмыкия/ТОП-слов-Калмыкия_adjectives_result.csv, /Users/artem/PycharmProjects/word_map_ru/files_csv/2023-08-04/ТОП-слов-Калмыкия/ТОП-слов-Калмыкия_nouns_result.csv
2023-08-04 19:35:08 [ERROR]: Ошибка: Возникла непредвиденная ошибка: We need at least 1 word to plot a word cloud, got 0.
2023-08-04 19:35:08 [INFO]: Файл 'ТОП-слов-Калмыкия.xlsx' успешно перемещен в папку '/Users/artem/PycharmProjects/word_map_ru/used_files_xlsx' с новым именем 'ТОП-слов-Калмыкия_2023-08-04_19:35:08.xlsx'.
2023-08-04 15:58:58 [INFO]: Обработка файла: ТОП_слов_Калининградская_область.xlsx
2023-08-04 15:59:21 [INFO]: Результаты из файла '/Users/artem/PycharmProjects/word_map_ru/files_xlsx/ТОП_слов_Калининградская_область.xlsx' сохранены в базу данных.
2023-08-04 15:59:21 [INFO]: Файл 'ТОП_слов_Калининградская_область.xlsx' успешно перемещен в папку '/Users/artem/PycharmProjects/word_map_ru/used_files_xlsx' с новым именем 'ТОП_слов_Калининградская_область_2023-08-04_15:59:21.xlsx'.
2023-08-04 15:59:21 [INFO]: Обработка файла: ТОП-слов-Кировская-область.xlsx
2023-08-04 15:59:48 [INFO]: Результаты из файла '/Users/artem/PycharmProjects/word_map_ru/files_xlsx/ТОП-слов-Кировская-область.xlsx' сохранены в базу данных.
2023-08-04 15:59:48 [INFO]: Файл 'ТОП-слов-Кировская-область.xlsx' успешно перемещен в папку '/Users/artem/PycharmProjects/word_map_ru/used_files_xlsx' с новым именем 'ТОП-слов-Кировская-область_2023-08-04_15:59:48.xlsx'.
2023-08-04 15:59:48 [INFO]: Обработка файла: ТОП-слов-Калмыкия.xlsx
2023-08-04 16:00:06 [INFO]: Результаты из файла '/Users/artem/PycharmProjects/word_map_ru/files_xlsx/ТОП-слов-Калмыкия.xlsx' сохранены в базу данных.
2023-08-04 16:00:06 [INFO]: Файл 'ТОП-слов-Калмыкия.xlsx' успешно перемещен в папку '/Users/artem/PycharmProjects/word_map_ru/used_files_xlsx' с новым именем 'ТОП-слов-Калмыкия_2023-08-04_16:00:06.xlsx'.
2023-08-04 16:07:24 [INFO]: Обработка файла: ТОП_слов_Калининградская_область.xlsx
2023-08-04 16:10:55 [INFO]: Результаты из файла '/Users/artem/PycharmProjects/word_map_ru/files_xlsx/ТОП_слов_Калининградская_область.xlsx' сохранены в базу данных.
2023-08-04 16:10:55 [INFO]: Файл 'ТОП_слов_Калининградская_область.xlsx' успешно перемещен в папку '/Users/artem/PycharmProjects/word_map_ru/used_files_xlsx' с новым именем 'ТОП_слов_Калининградская_область_2023-08-04_16:10:55.xlsx'.
2023-08-04 16:10:55 [INFO]: Обработка файла: ТОП-слов-Кировская-область.xlsx
2023-08-04 16:23:21 [INFO]: Результаты из файла '/Users/artem/PycharmProjects/word_map_ru/files_xlsx/ТОП-слов-Кировская-область.xlsx' сохранены в базу данных.
2023-08-04 16:23:21 [INFO]: Файл 'ТОП-слов-Кировская-область.xlsx' успешно перемещен в папку '/Users/artem/PycharmProjects/word_map_ru/used_files_xlsx' с новым именем 'ТОП-слов-Кировская-область_2023-08-04_16:23:21.xlsx'.
2023-08-04 16:23:21 [INFO]: Обработка файла: ТОП-слов-Калмыкия.xlsx
2023-08-04 16:32:23 [INFO]: Результаты из файла '/Users/artem/PycharmProjects/word_map_ru/files_xlsx/ТОП-слов-Калмыкия.xlsx' сохранены в базу данных.
2023-08-04 16:32:23 [INFO]: Файл 'ТОП-слов-Калмыкия.xlsx' успешно перемещен в папку '/Users/artem/PycharmProjects/word_map_ru/used_files_xlsx' с новым именем 'ТОП-слов-Калмыкия_2023-08-04_16:32:23.xlsx'.
2023-08-04 16:43:46 [INFO]: Обработка файла: ТОП_слов_Калининградская_область.xlsx
2023-08-04 16:59:32 [INFO]: Обработка файла: ТОП_слов_Калининградская_область.xlsx
2023-08-04 17:00:05 [INFO]: Результаты из файла '/Users/artem/PycharmProjects/word_map_ru/files_xlsx/ТОП_слов_Калининградская_область.xlsx' сохранены в базу данных.
2023-08-04 17:00:05 [INFO]: Файл 'ТОП_слов_Калининградская_область.xlsx' успешно перемещен в папку '/Users/artem/PycharmProjects/word_map_ru/used_files_xlsx' с новым именем 'ТОП_слов_Калининградская_область_2023-08-04_17:00:05.xlsx'.
2023-08-04 17:00:05 [INFO]: Обработка файла: ТОП-слов-Кировская-область.xlsx
2023-08-04 17:00:46 [INFO]: Результаты из файла '/Users/artem/PycharmProjects/word_map_ru/files_xlsx/ТОП-слов-Кировская-область.xlsx' сохранены в базу данных.
2023-08-04 17:00:46 [INFO]: Файл 'ТОП-слов-Кировская-область.xlsx' успешно перемещен в папку '/Users/artem/PycharmProjects/word_map_ru/used_files_xlsx' с новым именем 'ТОП-слов-Кировская-область_2023-08-04_17:00:46.xlsx'.
2023-08-04 17:00:46 [INFO]: Обработка файла: ТОП-слов-Калмыкия.xlsx
2023-08-04 17:01:25 [INFO]: Результаты из файла '/Users/artem/PycharmProjects/word_map_ru/files_xlsx/ТОП-слов-Калмыкия.xlsx' сохранены в базу данных.
2023-08-04 17:01:25 [INFO]: Файл 'ТОП-слов-Калмыкия.xlsx' успешно перемещен в папку '/Users/artem/PycharmProjects/word_map_ru/used_files_xlsx' с новым именем 'ТОП-слов-Калмыкия_2023-08-04_17:01:25.xlsx'.
2023-08-04 17:04:35 [INFO]: Обработка файла: ТОП_слов_Калининградская_область.xlsx
2023-08-04 17:05:19 [INFO]: Обработка файла: ТОП_слов_Калининградская_область.xlsx
2023-08-04 17:05:45 [INFO]: Результаты из файла '/Users/artem/PycharmProjects/word_map_ru/files_xlsx/ТОП_слов_Калининградская_область.xlsx' сохранены в базу данных.
2023-08-04 17:05:45 [INFO]: Файл 'ТОП_слов_Калининградская_область.xlsx' успешно перемещен в папку '/Users/artem/PycharmProjects/word_map_ru/used_files_xlsx' с новым именем 'ТОП_слов_Калининградская_область_2023-08-04_17:05:45.xlsx'.
2023-08-04 17:05:45 [INFO]: Обработка файла: ТОП-слов-Кировская-область.xlsx
2023-08-04 17:06:16 [INFO]: Результаты из файла '/Users/artem/PycharmProjects/word_map_ru/files_xlsx/ТОП-слов-Кировская-область.xlsx' сохранены в базу данных.
2023-08-04 17:06:16 [INFO]: Файл 'ТОП-слов-Кировская-область.xlsx' успешно перемещен в папку '/Users/artem/PycharmProjects/word_map_ru/used_files_xlsx' с новым именем 'ТОП-слов-Кировская-область_2023-08-04_17:06:16.xlsx'.
2023-08-04 17:06:16 [INFO]: Обработка файла: ТОП-слов-Калмыкия.xlsx
2023-08-04 17:06:46 [INFO]: Результаты из файла '/Users/artem/PycharmProjects/word_map_ru/files_xlsx/ТОП-слов-Калмыкия.xlsx' сохранены в базу данных.
2023-08-04 17:06:46 [INFO]: Файл 'ТОП-слов-Калмыкия.xlsx' успешно перемещен в папку '/Users/artem/PycharmProjects/word_map_ru/used_files_xlsx' с новым именем 'ТОП-слов-Калмыкия_2023-08-04_17:06:46.xlsx'.
2023-08-04 17:12:55 [INFO]: Обработка файла: ТОП_слов_Калининградская_область.xlsx
2023-08-04 17:13:04 [ERROR]: Ошибка: Возникла непредвиденная ошибка: 'Manager' object has no attribute 'disable_mptt_updates'
2023-08-04 17:15:18 [INFO]: Обработка файла: ТОП_слов_Калининградская_область.xlsx
2023-08-04 17:15:41 [INFO]: Результаты из файла '/Users/artem/PycharmProjects/word_map_ru/files_xlsx/ТОП_слов_Калининградская_область.xlsx' сохранены в базу данных.
2023-08-04 17:15:41 [INFO]: Файл 'ТОП_слов_Калининградская_область.xlsx' успешно перемещен в папку '/Users/artem/PycharmProjects/word_map_ru/used_files_xlsx' с новым именем 'ТОП_слов_Калининградская_область_2023-08-04_17:15:41.xlsx'.
2023-08-04 17:15:41 [INFO]: Обработка файла: ТОП-слов-Кировская-область.xlsx
2023-08-04 17:16:06 [INFO]: Результаты из файла '/Users/artem/PycharmProjects/word_map_ru/files_xlsx/ТОП-слов-Кировская-область.xlsx' сохранены в базу данных.
2023-08-04 17:16:06 [INFO]: Файл 'ТОП-слов-Кировская-область.xlsx' успешно перемещен в папку '/Users/artem/PycharmProjects/word_map_ru/used_files_xlsx' с новым именем 'ТОП-слов-Кировская-область_2023-08-04_17:16:06.xlsx'.
2023-08-04 17:16:06 [INFO]: Обработка файла: ТОП-слов-Калмыкия.xlsx
2023-08-04 17:16:27 [INFO]: Результаты из файла '/Users/artem/PycharmProjects/word_map_ru/files_xlsx/ТОП-слов-Калмыкия.xlsx' сохранены в базу данных.
2023-08-04 17:16:27 [INFO]: Файл 'ТОП-слов-Калмыкия.xlsx' успешно перемещен в папку '/Users/artem/PycharmProjects/word_map_ru/used_files_xlsx' с новым именем 'ТОП-слов-Калмыкия_2023-08-04_17:16:27.xlsx'.
2023-08-04 17:20:02 [INFO]: Обработка файла: ТОП_слов_Калининградская_область.xlsx
2023-08-04 17:20:25 [INFO]: Результаты из файла '/Users/artem/PycharmProjects/word_map_ru/files_xlsx/ТОП_слов_Калининградская_область.xlsx' сохранены в базу данных.
2023-08-04 17:20:25 [INFO]: Файл 'ТОП_слов_Калининградская_область.xlsx' успешно перемещен в папку '/Users/artem/PycharmProjects/word_map_ru/used_files_xlsx' с новым именем 'ТОП_слов_Калининградская_область_2023-08-04_17:20:25.xlsx'.
2023-08-04 17:20:25 [INFO]: Обработка файла: ТОП-слов-Кировская-область.xlsx
2023-08-04 17:20:50 [INFO]: Результаты из файла '/Users/artem/PycharmProjects/word_map_ru/files_xlsx/ТОП-слов-Кировская-область.xlsx' сохранены в базу данных.
2023-08-04 17:20:50 [INFO]: Файл 'ТОП-слов-Кировская-область.xlsx' успешно перемещен в папку '/Users/artem/PycharmProjects/word_map_ru/used_files_xlsx' с новым именем 'ТОП-слов-Кировская-область_2023-08-04_17:20:50.xlsx'.
2023-08-04 17:20:50 [INFO]: Обработка файла: ТОП-слов-Калмыкия.xlsx
2023-08-04 17:21:11 [INFO]: Результаты из файла '/Users/artem/PycharmProjects/word_map_ru/files_xlsx/ТОП-слов-Калмыкия.xlsx' сохранены в базу данных.
2023-08-04 17:21:11 [INFO]: Файл 'ТОП-слов-Калмыкия.xlsx' успешно перемещен в папку '/Users/artem/PycharmProjects/word_map_ru/used_files_xlsx' с новым именем 'ТОП-слов-Калмыкия_2023-08-04_17:21:11.xlsx'.
2023-08-04 17:32:53 [INFO]: Файл 'ТОП_слов_Калининградская_область.xlsx' успешно перемещен в папку '/Users/artem/PycharmProjects/word_map_ru/used_files_xlsx' с новым именем 'ТОП_слов_Калининградская_область_2023-08-04_17:32:53.xlsx'.
2023-08-04 17:32:53 [INFO]: Файл 'ТОП-слов-Кировская-область.xlsx' успешно перемещен в папку '/Users/artem/PycharmProjects/word_map_ru/used_files_xlsx' с новым именем 'ТОП-слов-Кировская-область_2023-08-04_17:32:53.xlsx'.
2023-08-04 17:32:53 [INFO]: Файл 'ТОП-слов-Калмыкия.xlsx' успешно перемещен в папку '/Users/artem/PycharmProjects/word_map_ru/used_files_xlsx' с новым именем 'ТОП-слов-Калмыкия_2023-08-04_17:32:53.xlsx'.
2023-08-04 17:32:53 [ERROR]: Ошибка: Файл '/Users/artem/PycharmProjects/word_map_ru/files_xlsx/ТОП_слов_Калининградская_область.xlsx' не найден.
2023-08-04 17:32:53 [ERROR]: Ошибка: Файл '/Users/artem/PycharmProjects/word_map_ru/files_xlsx/ТОП-слов-Кировская-область.xlsx' не найден.
2023-08-04 17:32:53 [ERROR]: Ошибка: Файл '/Users/artem/PycharmProjects/word_map_ru/files_xlsx/ТОП-слов-Калмыкия.xlsx' не найден.
2023-08-04 17:37:06 [ERROR]: Ошибка: Возникла непредвиденная ошибка: daemonic processes are not allowed to have children
2023-08-04 17:37:09 [ERROR]: Ошибка: Возникла непредвиденная ошибка: daemonic processes are not allowed to have children
2023-08-04 17:37:12 [ERROR]: Ошибка: Возникла непредвиденная ошибка: daemonic processes are not allowed to have children
2023-08-04 17:37:12 [INFO]: Файл 'ТОП_слов_Калининградская_область.xlsx' успешно перемещен в папку '/Users/artem/PycharmProjects/word_map_ru/used_files_xlsx' с новым именем 'ТОП_слов_Калининградская_область_2023-08-04_17:37:12.xlsx'.
2023-08-04 17:37:12 [INFO]: Файл 'ТОП-слов-Кировская-область.xlsx' успешно перемещен в папку '/Users/artem/PycharmProjects/word_map_ru/used_files_xlsx' с новым именем 'ТОП-слов-Кировская-область_2023-08-04_17:37:12.xlsx'.
2023-08-04 17:37:12 [INFO]: Файл 'ТОП-слов-Калмыкия.xlsx' успешно перемещен в папку '/Users/artem/PycharmProjects/word_map_ru/used_files_xlsx' с новым именем 'ТОП-слов-Калмыкия_2023-08-04_17:37:12.xlsx'.
2023-08-04 17:38:54 [INFO]: Обработка файла: ТОП_слов_Калининградская_область.xlsx
2023-08-04 17:39:18 [INFO]: Результаты из файла '/Users/artem/PycharmProjects/word_map_ru/files_xlsx/ТОП_слов_Калининградская_область.xlsx' сохранены в базу данных.
2023-08-04 17:39:18 [INFO]: Файл 'ТОП_слов_Калининградская_область.xlsx' успешно перемещен в папку '/Users/artem/PycharmProjects/word_map_ru/used_files_xlsx' с новым именем 'ТОП_слов_Калининградская_область_2023-08-04_17:39:18.xlsx'.
2023-08-04 17:39:18 [INFO]: Обработка файла: ТОП-слов-Кировская-область.xlsx
2023-08-04 17:39:44 [INFO]: Результаты из файла '/Users/artem/PycharmProjects/word_map_ru/files_xlsx/ТОП-слов-Кировская-область.xlsx' сохранены в базу данных.
2023-08-04 17:39:44 [INFO]: Файл 'ТОП-слов-Кировская-область.xlsx' успешно перемещен в папку '/Users/artem/PycharmProjects/word_map_ru/used_files_xlsx' с новым именем 'ТОП-слов-Кировская-область_2023-08-04_17:39:44.xlsx'.
2023-08-04 17:39:44 [INFO]: Обработка файла: ТОП-слов-Калмыкия.xlsx
2023-08-04 17:40:04 [INFO]: Результаты из файла '/Users/artem/PycharmProjects/word_map_ru/files_xlsx/ТОП-слов-Калмыкия.xlsx' сохранены в базу данных.
2023-08-04 17:40:04 [INFO]: Файл 'ТОП-слов-Калмыкия.xlsx' успешно перемещен в папку '/Users/artem/PycharmProjects/word_map_ru/used_files_xlsx' с новым именем 'ТОП-слов-Калмыкия_2023-08-04_17:40:04.xlsx'.
2023-08-04 17:53:46 [INFO]: Обработка файла: ТОП_слов_Калининградская_область.xlsx
2023-08-04 17:54:13 [INFO]: Результаты из файла '/Users/artem/PycharmProjects/word_map_ru/files_xlsx/ТОП_слов_Калининградская_область.xlsx' сохранены в базу данных.
2023-08-04 17:54:13 [INFO]: Файл 'ТОП_слов_Калининградская_область.xlsx' успешно перемещен в папку '/Users/artem/PycharmProjects/word_map_ru/used_files_xlsx' с новым именем 'ТОП_слов_Калининградская_область_2023-08-04_17:54:13.xlsx'.
2023-08-04 17:54:13 [INFO]: Обработка файла: ТОП-слов-Кировская-область.xlsx
2023-08-04 17:54:45 [INFO]: Результаты из файла '/Users/artem/PycharmProjects/word_map_ru/files_xlsx/ТОП-слов-Кировская-область.xlsx' сохранены в базу данных.
2023-08-04 17:54:45 [INFO]: Файл 'ТОП-слов-Кировская-область.xlsx' успешно перемещен в папку '/Users/artem/PycharmProjects/word_map_ru/used_files_xlsx' с новым именем 'ТОП-слов-Кировская-область_2023-08-04_17:54:45.xlsx'.
2023-08-04 17:54:45 [INFO]: Обработка файла: ТОП-слов-Калмыкия.xlsx
2023-08-04 17:55:21 [INFO]: Результаты из файла '/Users/artem/PycharmProjects/word_map_ru/files_xlsx/ТОП-слов-Калмыкия.xlsx' сохранены в базу данных.
2023-08-04 17:55:21 [INFO]: Файл 'ТОП-слов-Калмыкия.xlsx' успешно перемещен в папку '/Users/artem/PycharmProjects/word_map_ru/used_files_xlsx' с новым именем 'ТОП-слов-Калмыкия_2023-08-04_17:55:21.xlsx'.
2023-08-04 18:09:35 [INFO]: Обработка файла: ТОП_слов_Калининградская_область.xlsx
2023-08-04 18:10:04 [INFO]: Результаты из файла '/Users/artem/PycharmProjects/word_map_ru/files_xlsx/ТОП_слов_Калининградская_область.xlsx' сохранены в базу данных.
2023-08-04 18:10:04 [INFO]: Файл 'ТОП_слов_Калининградская_область.xlsx' успешно перемещен в папку '/Users/artem/PycharmProjects/word_map_ru/used_files_xlsx' с новым именем 'ТОП_слов_Калининградская_область_2023-08-04_18:10:04.xlsx'.
2023-08-04 18:10:04 [INFO]: Обработка файла: ТОП-слов-Кировская-область.xlsx
2023-08-04 18:10:34 [INFO]: Результаты из файла '/Users/artem/PycharmProjects/word_map_ru/files_xlsx/ТОП-слов-Кировская-область.xlsx' сохранены в базу данных.
2023-08-04 18:10:34 [INFO]: Файл 'ТОП-слов-Кировская-область.xlsx' успешно перемещен в папку '/Users/artem/PycharmProjects/word_map_ru/used_files_xlsx' с новым именем 'ТОП-слов-Кировская-область_2023-08-04_18:10:34.xlsx'.
2023-08-04 18:10:34 [INFO]: Обработка файла: ТОП-слов-Калмыкия.xlsx
2023-08-04 18:11:00 [INFO]: Результаты из файла '/Users/artem/PycharmProjects/word_map_ru/files_xlsx/ТОП-слов-Калмыкия.xlsx' сохранены в базу данных.
2023-08-04 18:11:00 [INFO]: Файл 'ТОП-слов-Калмыкия.xlsx' успешно перемещен в папку '/Users/artem/PycharmProjects/word_map_ru/used_files_xlsx' с новым именем 'ТОП-слов-Калмыкия_2023-08-04_18:11:00.xlsx'.
2023-08-04 18:28:13 [INFO]: Обработка файла: ТОП_слов_Калининградская_область.xlsx
2023-08-04 18:29:50 [INFO]: Обработка файла: ТОП_слов_Калининградская_область.xlsx
2023-08-04 18:32:07 [INFO]: Результаты из файла '/Users/artem/PycharmProjects/word_map_ru/files_xlsx/ТОП_слов_Калининградская_область.xlsx' сохранены в базу данных.
2023-08-04 18:32:07 [INFO]: Файл 'ТОП_слов_Калининградская_область.xlsx' успешно перемещен в папку '/Users/artem/PycharmProjects/word_map_ru/used_files_xlsx' с новым именем 'ТОП_слов_Калининградская_область_2023-08-04_18:32:07.xlsx'.
2023-08-04 18:32:07 [INFO]: Обработка файла: ТОП-слов-Кировская-область.xlsx
2023-08-04 18:36:37 [INFO]: Результаты из файла '/Users/artem/PycharmProjects/word_map_ru/files_xlsx/ТОП-слов-Кировская-область.xlsx' сохранены в базу данных.
2023-08-04 18:36:37 [INFO]: Файл 'ТОП-слов-Кировская-область.xlsx' успешно перемещен в папку '/Users/artem/PycharmProjects/word_map_ru/used_files_xlsx' с новым именем 'ТОП-слов-Кировская-область_2023-08-04_18:36:37.xlsx'.
2023-08-04 18:36:37 [INFO]: Обработка файла: ТОП-слов-Калмыкия.xlsx
2023-08-04 18:39:17 [INFO]: Результаты из файла '/Users/artem/PycharmProjects/word_map_ru/files_xlsx/ТОП-слов-Калмыкия.xlsx' сохранены в базу данных.
2023-08-04 18:39:17 [INFO]: Файл 'ТОП-слов-Калмыкия.xlsx' успешно перемещен в папку '/Users/artem/PycharmProjects/word_map_ru/used_files_xlsx' с новым именем 'ТОП-слов-Калмыкия_2023-08-04_18:39:17.xlsx'.
2023-08-04 19:19:46 [INFO]: Обработка файла: ТОП_слов_Калининградская_область.xlsx
2023-08-04 19:20:36 [INFO]: Результаты из файла '/Users/artem/PycharmProjects/word_map_ru/files_xlsx/ТОП_слов_Калининградская_область.xlsx' сохранены в базу данных.
2023-08-04 19:22:32 [INFO]: Обработка файла: ТОП_слов_Калининградская_область.xlsx
2023-08-04 19:23:58 [INFO]: Обработка файла: ТОП_слов_Калининградская_область.xlsx
2023-08-04 19:24:35 [INFO]: Обработка файла: ТОП_слов_Калининградская_область.xlsx
2023-08-04 19:25:10 [INFO]: Обработка файла: ТОП_слов_Калининградская_область.xlsx
2023-08-04 19:25:38 [INFO]: Результаты из файла '/Users/artem/PycharmProjects/word_map_ru/files_xlsx/ТОП_слов_Калининградская_область.xlsx' сохранены в базу данных.
2023-08-04 19:27:33 [INFO]: Обработка файла: ТОП_слов_Калининградская_область.xlsx
2023-08-04 19:28:02 [INFO]: Результаты из файла '/Users/artem/PycharmProjects/word_map_ru/files_xlsx/ТОП_слов_Калининградская_область.xlsx' сохранены в базу данных.
2023-08-05 10:30:19 [INFO]: Обработка файла: ТОП_слов_Калининградская_область.xlsx
2023-08-05 10:30:19 [ERROR]: Ошибка: Возникла непредвиденная ошибка: syntax error at or near "PRAGMA"
LINE 1: PRAGMA defer_foreign_keys=ON;
        ^

2023-08-05 10:34:01 [INFO]: Обработка файла: ТОП_слов_Калининградская_область.xlsx
2023-08-05 10:34:47 [ERROR]: Ошибка: Возникла непредвиденная ошибка: value too long for type character varying(255)

2023-08-05 10:34:47 [INFO]: Файл 'ТОП_слов_Калининградская_область.xlsx' успешно перемещен в папку '/Users/artem/PycharmProjects/word_map_ru/used_files_xlsx' с новым именем 'ТОП_слов_Калининградская_область_2023-08-05_10:34:47.xlsx'.
2023-08-05 10:34:47 [INFO]: Обработка файла: ТОП-слов-Кировская-область.xlsx
2023-08-05 10:35:46 [ERROR]: Ошибка: Возникла непредвиденная ошибка: value too long for type character varying(255)

2023-08-05 10:35:46 [INFO]: Файл 'ТОП-слов-Кировская-область.xlsx' успешно перемещен в папку '/Users/artem/PycharmProjects/word_map_ru/used_files_xlsx' с новым именем 'ТОП-слов-Кировская-область_2023-08-05_10:35:46.xlsx'.
2023-08-05 10:35:46 [INFO]: Обработка файла: ТОП-слов-Калмыкия.xlsx
2023-08-05 10:36:45 [INFO]: Результаты из файла '/Users/artem/PycharmProjects/word_map_ru/files_xlsx/ТОП-слов-Калмыкия.xlsx' сохранены в базу данных.
2023-08-05 10:36:45 [INFO]: Файл 'ТОП-слов-Калмыкия.xlsx' успешно перемещен в папку '/Users/artem/PycharmProjects/word_map_ru/used_files_xlsx' с новым именем 'ТОП-слов-Калмыкия_2023-08-05_10:36:45.xlsx'.
2023-08-05 10:42:02 [INFO]: Обработка файла: ТОП_слов_Калининградская_область.xlsx
2023-08-05 10:42:43 [INFO]: Обработка файла: ТОП_слов_Калининградская_область.xlsx
2023-08-05 10:43:30 [INFO]: Результаты из файла '/Users/artem/PycharmProjects/word_map_ru/files_xlsx/ТОП_слов_Калининградская_область.xlsx' сохранены в базу данных.
2023-08-05 10:43:30 [INFO]: Файл 'ТОП_слов_Калининградская_область.xlsx' успешно перемещен в папку '/Users/artem/PycharmProjects/word_map_ru/used_files_xlsx' с новым именем 'ТОП_слов_Калининградская_область_2023-08-05_10:43:30.xlsx'.
2023-08-05 10:43:30 [INFO]: Обработка файла: ТОП-слов-Кировская-область.xlsx
2023-08-05 10:44:22 [INFO]: Результаты из файла '/Users/artem/PycharmProjects/word_map_ru/files_xlsx/ТОП-слов-Кировская-область.xlsx' сохранены в базу данных.
2023-08-05 10:44:22 [INFO]: Файл 'ТОП-слов-Кировская-область.xlsx' успешно перемещен в папку '/Users/artem/PycharmProjects/word_map_ru/used_files_xlsx' с новым именем 'ТОП-слов-Кировская-область_2023-08-05_10:44:22.xlsx'.
2023-08-05 10:44:22 [INFO]: Обработка файла: ТОП-слов-Калмыкия.xlsx
2023-08-05 10:45:09 [INFO]: Результаты из файла '/Users/artem/PycharmProjects/word_map_ru/files_xlsx/ТОП-слов-Калмыкия.xlsx' сохранены в базу данных.
2023-08-05 10:45:09 [INFO]: Файл 'ТОП-слов-Калмыкия.xlsx' успешно перемещен в папку '/Users/artem/PycharmProjects/word_map_ru/used_files_xlsx' с новым именем 'ТОП-слов-Калмыкия_2023-08-05_10:45:09.xlsx'.
2023-08-05 10:56:46 [INFO]: Обработка файла: ТОП_слов_Калининградская_область.xlsx
2023-08-05 10:57:10 [INFO]: Результаты из файла '/Users/artem/PycharmProjects/word_map_ru/files_xlsx/ТОП_слов_Калининградская_область.xlsx' сохранены в базу данных.
2023-08-05 10:57:10 [INFO]: Файл 'ТОП_слов_Калининградская_область.xlsx' успешно перемещен в папку '/Users/artem/PycharmProjects/word_map_ru/used_files_xlsx' с новым именем 'ТОП_слов_Калининградская_область_2023-08-05_10:57:10.xlsx'.
2023-08-05 10:57:10 [INFO]: Обработка файла: ТОП-слов-Кировская-область.xlsx
2023-08-05 10:57:39 [INFO]: Результаты из файла '/Users/artem/PycharmProjects/word_map_ru/files_xlsx/ТОП-слов-Кировская-область.xlsx' сохранены в базу данных.
2023-08-05 10:57:39 [INFO]: Файл 'ТОП-слов-Кировская-область.xlsx' успешно перемещен в папку '/Users/artem/PycharmProjects/word_map_ru/used_files_xlsx' с новым именем 'ТОП-слов-Кировская-область_2023-08-05_10:57:39.xlsx'.
2023-08-05 10:57:39 [INFO]: Обработка файла: ТОП-слов-Калмыкия.xlsx
2023-08-05 10:57:55 [INFO]: Результаты из файла '/Users/artem/PycharmProjects/word_map_ru/files_xlsx/ТОП-слов-Калмыкия.xlsx' сохранены в базу данных.
2023-08-05 10:57:55 [INFO]: Файл 'ТОП-слов-Калмыкия.xlsx' успешно перемещен в папку '/Users/artem/PycharmProjects/word_map_ru/used_files_xlsx' с новым именем 'ТОП-слов-Калмыкия_2023-08-05_10:57:55.xlsx'.
2023-08-05 11:00:41 [INFO]: Обработка файла: ТОП_слов_Калининградская_область.xlsx
2023-08-05 11:01:05 [INFO]: Результаты из файла '/Users/artem/PycharmProjects/word_map_ru/files_xlsx/ТОП_слов_Калининградская_область.xlsx' сохранены в базу данных.
2023-08-05 11:01:05 [INFO]: Файл 'ТОП_слов_Калининградская_область.xlsx' успешно перемещен в папку '/Users/artem/PycharmProjects/word_map_ru/used_files_xlsx' с новым именем 'ТОП_слов_Калининградская_область_2023-08-05_11:01:05.xlsx'.
2023-08-05 11:01:05 [INFO]: Обработка файла: ТОП-слов-Кировская-область.xlsx
2023-08-05 11:01:34 [INFO]: Результаты из файла '/Users/artem/PycharmProjects/word_map_ru/files_xlsx/ТОП-слов-Кировская-область.xlsx' сохранены в базу данных.
2023-08-05 11:01:34 [INFO]: Файл 'ТОП-слов-Кировская-область.xlsx' успешно перемещен в папку '/Users/artem/PycharmProjects/word_map_ru/used_files_xlsx' с новым именем 'ТОП-слов-Кировская-область_2023-08-05_11:01:34.xlsx'.
2023-08-05 11:01:34 [INFO]: Обработка файла: ТОП-слов-Калмыкия.xlsx
2023-08-05 11:01:52 [INFO]: Результаты из файла '/Users/artem/PycharmProjects/word_map_ru/files_xlsx/ТОП-слов-Калмыкия.xlsx' сохранены в базу данных.
2023-08-05 11:01:52 [INFO]: Файл 'ТОП-слов-Калмыкия.xlsx' успешно перемещен в папку '/Users/artem/PycharmProjects/word_map_ru/used_files_xlsx' с новым именем 'ТОП-слов-Калмыкия_2023-08-05_11:01:52.xlsx'.
2023-08-05 11:08:23 [INFO]: Обработка файла: ТОП_слов_Калининградская_область.xlsx
2023-08-05 11:08:47 [INFO]: Результаты из файла '/Users/artem/PycharmProjects/word_map_ru/files_xlsx/ТОП_слов_Калининградская_область.xlsx' сохранены в базу данных.
2023-08-05 11:08:47 [INFO]: Файл 'ТОП_слов_Калининградская_область.xlsx' успешно перемещен в папку '/Users/artem/PycharmProjects/word_map_ru/used_files_xlsx' с новым именем 'ТОП_слов_Калининградская_область_2023-08-05_11:08:47.xlsx'.
2023-08-05 11:08:47 [INFO]: Обработка файла: ТОП-слов-Кировская-область.xlsx
2023-08-05 11:09:14 [INFO]: Результаты из файла '/Users/artem/PycharmProjects/word_map_ru/files_xlsx/ТОП-слов-Кировская-область.xlsx' сохранены в базу данных.
2023-08-05 11:09:14 [INFO]: Файл 'ТОП-слов-Кировская-область.xlsx' успешно перемещен в папку '/Users/artem/PycharmProjects/word_map_ru/used_files_xlsx' с новым именем 'ТОП-слов-Кировская-область_2023-08-05_11:09:14.xlsx'.
2023-08-05 11:09:14 [INFO]: Обработка файла: ТОП-слов-Калмыкия.xlsx
2023-08-05 11:09:30 [INFO]: Результаты из файла '/Users/artem/PycharmProjects/word_map_ru/files_xlsx/ТОП-слов-Калмыкия.xlsx' сохранены в базу данных.
2023-08-05 11:09:30 [INFO]: Файл 'ТОП-слов-Калмыкия.xlsx' успешно перемещен в папку '/Users/artem/PycharmProjects/word_map_ru/used_files_xlsx' с новым именем 'ТОП-слов-Калмыкия_2023-08-05_11:09:30.xlsx'.
